2024-10-07 09:24:26,623 - INFO - SignedUp Successfully!{'sina': {'id': 0, 'username': 'sina', 'password': 'sina123', 'birthdate': '28/06/81', 'regdate': '2024-10-07 08:30:45.584029', 'phone_number': '0939287822'}, 'sinat': {'id': 1, 'username': 'sinat', 'password': 'sina123', 'birthdate': '28/06/81', 'regdate': '2024-10-07 08:37:11.751436', 'phone_number': '32165165'}, 'ali': {'id': 2, 'username': 'ali', 'password': 'ali123', 'birthdate': 'sjdsdlskdj', 'regdate': '2024-10-07 08:40:38.623301', 'phone_number': '231234214'}, 'gam': {'id': 3, 'username': 'gam', 'password': 'gam1', 'birthdate': 'birthdaydate', 'regdate': '2024-10-07 08:47:51.105766', 'phone_number': '065816515'}, 'yam': {'id': 4, 'username': 'yam', 'password': 'yam1', 'birthdate': '35351', 'regdate': '2024-10-07 08:47:51.105766', 'phone_number': '654648648'}, 'jamshid': {'id': 5, 'username': 'jamshid', 'password': 'jamshid123', 'birthdate': '81/54/23', 'regdate': '2024-10-07 09:24:12.902727', 'phone_number': '684846486'}}
2024-10-07 09:24:40,865 - INFO - user logged in successfully{'sina': {'id': 0, 'username': 'sina', 'password': 'sina123', 'birthdate': '28/06/81', 'regdate': '2024-10-07 08:30:45.584029', 'phone_number': '0939287822'}, 'sinat': {'id': 1, 'username': 'sinat', 'password': 'sina123', 'birthdate': '28/06/81', 'regdate': '2024-10-07 08:37:11.751436', 'phone_number': '32165165'}, 'ali': {'id': 2, 'username': 'ali', 'password': 'ali123', 'birthdate': 'sjdsdlskdj', 'regdate': '2024-10-07 08:40:38.623301', 'phone_number': '231234214'}, 'gam': {'id': 3, 'username': 'gam', 'password': 'gam1', 'birthdate': 'birthdaydate', 'regdate': '2024-10-07 08:47:51.105766', 'phone_number': '065816515'}, 'yam': {'id': 4, 'username': 'yam', 'password': 'yam1', 'birthdate': '35351', 'regdate': '2024-10-07 08:47:51.105766', 'phone_number': '654648648'}, 'jamshid': {'id': 5, 'username': 'jamshid', 'password': 'jamshid123', 'birthdate': '81/54/23', 'regdate': '2024-10-07 09:24:12.902727', 'phone_number': '684846486'}}
2024-10-07 09:24:53,747 - INFO - user logged in successfully{'sina': {'id': 0, 'username': 'sina', 'password': 'sina123', 'birthdate': '28/06/81', 'regdate': '2024-10-07 08:30:45.584029', 'phone_number': '0939287822'}, 'sinat': {'id': 1, 'username': 'sinat', 'password': 'sina123', 'birthdate': '28/06/81', 'regdate': '2024-10-07 08:37:11.751436', 'phone_number': '32165165'}, 'ali': {'id': 2, 'username': 'ali', 'password': 'ali123', 'birthdate': 'sjdsdlskdj', 'regdate': '2024-10-07 08:40:38.623301', 'phone_number': '231234214'}, 'gam': {'id': 3, 'username': 'gam', 'password': 'gam1', 'birthdate': 'birthdaydate', 'regdate': '2024-10-07 08:47:51.105766', 'phone_number': '065816515'}, 'yam': {'id': 4, 'username': 'yam', 'password': 'yam1', 'birthdate': '35351', 'regdate': '2024-10-07 08:47:51.105766', 'phone_number': '654648648'}, 'jamshid': {'id': 5, 'username': 'jamshid', 'password': 'jamshid123', 'birthdate': '81/54/23', 'regdate': '2024-10-07 09:24:12.902727', 'phone_number': '684846486'}}
2024-10-07 09:25:04,526 - INFO - Phone Number Updated!{'sina': {'id': 0, 'username': 'sina', 'password': 'sina123', 'birthdate': '28/06/81', 'regdate': '2024-10-07 08:30:45.584029', 'phone_number': '0939287822'}, 'sinat': {'id': 1, 'username': 'sinat', 'password': 'sina123', 'birthdate': '28/06/81', 'regdate': '2024-10-07 08:37:11.751436', 'phone_number': '32165165'}, 'ali': {'id': 2, 'username': 'ali', 'password': 'ali123', 'birthdate': 'sjdsdlskdj', 'regdate': '2024-10-07 08:40:38.623301', 'phone_number': '231234214'}, 'gam': {'id': 3, 'username': 'gam', 'password': 'gam1', 'birthdate': 'birthdaydate', 'regdate': '2024-10-07 08:47:51.105766', 'phone_number': '065816515'}, 'yam': {'id': 4, 'username': 'yam', 'password': 'yam1', 'birthdate': '35351', 'regdate': '2024-10-07 08:47:51.105766', 'phone_number': '654648648'}, 'jamshid': {'id': 5, 'username': 'jamshid', 'password': 'jamshid123', 'birthdate': '81/54/23', 'regdate': '2024-10-07 09:24:12.902727', 'phone_number': '093969'}}
2024-10-07 09:25:22,188 - INFO - user logged in successfully{'sina': {'id': 0, 'username': 'sina', 'password': 'sina123', 'birthdate': '28/06/81', 'regdate': '2024-10-07 08:30:45.584029', 'phone_number': '0939287822'}, 'sinat': {'id': 1, 'username': 'sinat', 'password': 'sina123', 'birthdate': '28/06/81', 'regdate': '2024-10-07 08:37:11.751436', 'phone_number': '32165165'}, 'ali': {'id': 2, 'username': 'ali', 'password': 'ali123', 'birthdate': 'sjdsdlskdj', 'regdate': '2024-10-07 08:40:38.623301', 'phone_number': '231234214'}, 'gam': {'id': 3, 'username': 'gam', 'password': 'gam1', 'birthdate': 'birthdaydate', 'regdate': '2024-10-07 08:47:51.105766', 'phone_number': '065816515'}, 'yam': {'id': 4, 'username': 'yam', 'password': 'yam1', 'birthdate': '35351', 'regdate': '2024-10-07 08:47:51.105766', 'phone_number': '654648648'}, 'jamshid': {'id': 5, 'username': 'jamshid', 'password': 'jamshid123', 'birthdate': '81/54/23', 'regdate': '2024-10-07 09:24:12.902727', 'phone_number': '093969'}}
2024-10-07 09:25:48,146 - INFO - user logged in successfully{'sina': {'id': 0, 'username': 'sina', 'password': 'sina123', 'birthdate': '28/06/81', 'regdate': '2024-10-07 08:30:45.584029', 'phone_number': '0939287822'}, 'sinat': {'id': 1, 'username': 'sinat', 'password': 'sina123', 'birthdate': '28/06/81', 'regdate': '2024-10-07 08:37:11.751436', 'phone_number': '32165165'}, 'ali': {'id': 2, 'username': 'ali', 'password': 'ali123', 'birthdate': 'sjdsdlskdj', 'regdate': '2024-10-07 08:40:38.623301', 'phone_number': '231234214'}, 'gam': {'id': 3, 'username': 'gam', 'password': 'gam1', 'birthdate': 'birthdaydate', 'regdate': '2024-10-07 08:47:51.105766', 'phone_number': '065816515'}, 'yam': {'id': 4, 'username': 'yam', 'password': 'yam1', 'birthdate': '35351', 'regdate': '2024-10-07 08:47:51.105766', 'phone_number': '654648648'}, 'jamshid': {'id': 5, 'username': 'jamshid', 'password': 'jamshid123', 'birthdate': '81/54/23', 'regdate': '2024-10-07 09:24:12.902727', 'phone_number': '093969'}}
2024-10-07 09:26:23,012 - INFO - user logged in successfully{'sina': {'id': 0, 'username': 'sina', 'password': 'sina123', 'birthdate': '28/06/81', 'regdate': '2024-10-07 08:30:45.584029', 'phone_number': '0939287822'}, 'sinat': {'id': 1, 'username': 'sinat', 'password': 'sina123', 'birthdate': '28/06/81', 'regdate': '2024-10-07 08:37:11.751436', 'phone_number': '32165165'}, 'ali': {'id': 2, 'username': 'ali', 'password': 'ali123', 'birthdate': 'sjdsdlskdj', 'regdate': '2024-10-07 08:40:38.623301', 'phone_number': '231234214'}, 'gam': {'id': 3, 'username': 'gam', 'password': 'gam1', 'birthdate': 'birthdaydate', 'regdate': '2024-10-07 08:47:51.105766', 'phone_number': '065816515'}, 'yam': {'id': 4, 'username': 'yam', 'password': 'yam1', 'birthdate': '35351', 'regdate': '2024-10-07 08:47:51.105766', 'phone_number': '654648648'}, 'jamshid': {'id': 5, 'username': 'jamshid', 'birthdate': '81/54/23', 'regdate': '2024-10-07 09:24:12.902727', 'phone_number': '093969', 'password': 'sina123'}}
2024-10-07 09:26:46,319 - INFO - user logged in successfully{'sina': {'id': 0, 'username': 'sina', 'password': 'sina123', 'birthdate': '28/06/81', 'regdate': '2024-10-07 08:30:45.584029', 'phone_number': '0939287822'}, 'sinat': {'id': 1, 'username': 'sinat', 'password': 'sina123', 'birthdate': '28/06/81', 'regdate': '2024-10-07 08:37:11.751436', 'phone_number': '32165165'}, 'ali': {'id': 2, 'username': 'ali', 'password': 'ali123', 'birthdate': 'sjdsdlskdj', 'regdate': '2024-10-07 08:40:38.623301', 'phone_number': '231234214'}, 'gam': {'id': 3, 'username': 'gam', 'password': 'gam1', 'birthdate': 'birthdaydate', 'regdate': '2024-10-07 08:47:51.105766', 'phone_number': '065816515'}, 'yam': {'id': 4, 'username': 'yam', 'password': 'yam1', 'birthdate': '35351', 'regdate': '2024-10-07 08:47:51.105766', 'phone_number': '654648648'}, 'jamshid': {'id': 5, 'username': 'jamshid', 'password': 'jamshid123', 'birthdate': '81/54/23', 'regdate': '2024-10-07 09:24:12.902727', 'phone_number': '684846486'}}
2024-10-07 09:28:06,026 - INFO - user logged in successfully{'sina': {'id': 0, 'username': 'sina', 'password': 'sina123', 'birthdate': '28/06/81', 'regdate': '2024-10-07 08:30:45.584029', 'phone_number': '0939287822'}, 'sinat': {'id': 1, 'username': 'sinat', 'password': 'sina123', 'birthdate': '28/06/81', 'regdate': '2024-10-07 08:37:11.751436', 'phone_number': '32165165'}, 'ali': {'id': 2, 'username': 'ali', 'password': 'ali123', 'birthdate': 'sjdsdlskdj', 'regdate': '2024-10-07 08:40:38.623301', 'phone_number': '231234214'}, 'gam': {'id': 3, 'username': 'gam', 'password': 'gam1', 'birthdate': 'birthdaydate', 'regdate': '2024-10-07 08:47:51.105766', 'phone_number': '065816515'}, 'yam': {'id': 4, 'username': 'yam', 'password': 'yam1', 'birthdate': '35351', 'regdate': '2024-10-07 08:47:51.105766', 'phone_number': '654648648'}, 'jamshid': {'id': 5, 'username': 'jamshid', 'password': 'jamshid123', 'birthdate': '81/54/23', 'regdate': '2024-10-07 09:24:12.902727', 'phone_number': '684846486'}}
2024-10-07 09:28:12,290 - INFO - user logged in successfully{'sina': {'id': 0, 'username': 'sina', 'password': 'sina123', 'birthdate': '28/06/81', 'regdate': '2024-10-07 08:30:45.584029', 'phone_number': '0939287822'}, 'sinat': {'id': 1, 'username': 'sinat', 'password': 'sina123', 'birthdate': '28/06/81', 'regdate': '2024-10-07 08:37:11.751436', 'phone_number': '32165165'}, 'ali': {'id': 2, 'username': 'ali', 'password': 'ali123', 'birthdate': 'sjdsdlskdj', 'regdate': '2024-10-07 08:40:38.623301', 'phone_number': '231234214'}, 'gam': {'id': 3, 'username': 'gam', 'password': 'gam1', 'birthdate': 'birthdaydate', 'regdate': '2024-10-07 08:47:51.105766', 'phone_number': '065816515'}, 'yam': {'id': 4, 'username': 'yam', 'password': 'yam1', 'birthdate': '35351', 'regdate': '2024-10-07 08:47:51.105766', 'phone_number': '654648648'}, 'jamshid': {'id': 5, 'username': 'jamshid', 'password': 'jamshid123', 'birthdate': '81/54/23', 'regdate': '2024-10-07 09:24:12.902727', 'phone_number': '684846486'}}
2024-10-07 09:28:31,099 - INFO - user logged in successfully{'sina': {'id': 0, 'username': 'sina', 'password': 'sina123', 'birthdate': '28/06/81', 'regdate': '2024-10-07 08:30:45.584029', 'phone_number': '0939287822'}, 'sinat': {'id': 1, 'username': 'sinat', 'password': 'sina123', 'birthdate': '28/06/81', 'regdate': '2024-10-07 08:37:11.751436', 'phone_number': '32165165'}, 'ali': {'id': 2, 'username': 'ali', 'password': 'ali123', 'birthdate': 'sjdsdlskdj', 'regdate': '2024-10-07 08:40:38.623301', 'phone_number': '231234214'}, 'gam': {'id': 3, 'username': 'gam', 'password': 'gam1', 'birthdate': 'birthdaydate', 'regdate': '2024-10-07 08:47:51.105766', 'phone_number': '065816515'}, 'yam': {'id': 4, 'username': 'yam', 'password': 'yam1', 'birthdate': '35351', 'regdate': '2024-10-07 08:47:51.105766', 'phone_number': '654648648'}, 'jamshid': {'id': 5, 'username': 'jamshid', 'password': 'jamshid123', 'birthdate': '81/54/23', 'regdate': '2024-10-07 09:24:12.902727', 'phone_number': '684846486'}}
2024-10-07 09:28:54,080 - INFO - user logged in successfully{'sina': {'id': 0, 'username': 'sina', 'password': 'sina123', 'birthdate': '28/06/81', 'regdate': '2024-10-07 08:30:45.584029', 'phone_number': '0939287822'}, 'sinat': {'id': 1, 'username': 'sinat', 'password': 'sina123', 'birthdate': '28/06/81', 'regdate': '2024-10-07 08:37:11.751436', 'phone_number': '32165165'}, 'ali': {'id': 2, 'username': 'ali', 'password': 'ali123', 'birthdate': 'sjdsdlskdj', 'regdate': '2024-10-07 08:40:38.623301', 'phone_number': '231234214'}, 'gam': {'id': 3, 'username': 'gam', 'password': 'gam1', 'birthdate': 'birthdaydate', 'regdate': '2024-10-07 08:47:51.105766', 'phone_number': '065816515'}, 'yam': {'id': 4, 'username': 'yam', 'password': 'yam1', 'birthdate': '35351', 'regdate': '2024-10-07 08:47:51.105766', 'phone_number': '654648648'}, 'jamshid': {'id': 5, 'username': 'jamshid', 'password': 'jamshid123', 'birthdate': '81/54/23', 'regdate': '2024-10-07 09:24:12.902727', 'phone_number': '684846486'}}
2024-10-07 09:31:19,855 - INFO - user logged in successfully{'sina': {'id': 0, 'username': 'sina', 'password': 'sina123', 'birthdate': '28/06/81', 'regdate': '2024-10-07 08:30:45.584029', 'phone_number': '0939287822'}, 'sinat': {'id': 1, 'username': 'sinat', 'password': 'sina123', 'birthdate': '28/06/81', 'regdate': '2024-10-07 08:37:11.751436', 'phone_number': '32165165'}, 'ali': {'id': 2, 'username': 'ali', 'password': 'ali123', 'birthdate': 'sjdsdlskdj', 'regdate': '2024-10-07 08:40:38.623301', 'phone_number': '231234214'}, 'gam': {'id': 3, 'username': 'gam', 'password': 'gam1', 'birthdate': 'birthdaydate', 'regdate': '2024-10-07 08:47:51.105766', 'phone_number': '065816515'}, 'yam': {'id': 4, 'username': 'yam', 'password': 'yam1', 'birthdate': '35351', 'regdate': '2024-10-07 08:47:51.105766', 'phone_number': '654648648'}, 'jamshid': {'id': 5, 'username': 'jamshid', 'password': 'jamshid123', 'birthdate': '81/54/23', 'regdate': '2024-10-07 09:24:12.902727', 'phone_number': '684846486'}}
2024-10-07 09:31:59,451 - INFO - SignedUp Successfully!{'sina': {'id': 0, 'username': 'sina', 'password': 'sina123', 'birthdate': '4564654', 'regdate': '2024-10-07 09:31:51.676660', 'phone_number': '323232'}}
2024-10-07 09:32:06,229 - INFO - user logged in successfully{'sina': {'id': 0, 'username': 'sina', 'password': 'sina123', 'birthdate': '4564654', 'regdate': '2024-10-07 09:31:51.676660', 'phone_number': '323232'}}
2024-10-07 09:32:24,348 - INFO - user logged in successfully{'sina': {'id': 0, 'username': 'sina', 'password': 'sina123', 'birthdate': '4564654', 'regdate': '2024-10-07 09:31:51.676660', 'phone_number': '323232'}}
2024-10-07 09:33:14,467 - INFO - user logged in successfully{'sina': {'id': 0, 'username': 'sina', 'password': 'sina123', 'birthdate': '4564654', 'regdate': '2024-10-07 09:31:51.676660', 'phone_number': '323232'}}
2024-10-07 09:34:42,080 - INFO - user logged in successfully{'sina': {'id': 0, 'username': 'sina', 'password': 'sina123', 'birthdate': '4564654', 'regdate': '2024-10-07 09:31:51.676660', 'phone_number': '323232'}}
2024-10-07 09:35:02,202 - INFO - user logged in successfully{'sina': {'id': 0, 'username': 'sina', 'birthdate': '4564654', 'regdate': '2024-10-07 09:31:51.676660', 'phone_number': '323232', 'password': 'sina'}}
2024-10-07 09:35:28,988 - INFO - user logged in successfully{'sina': {'id': 0, 'username': 'sina', 'birthdate': '4564654', 'regdate': '2024-10-07 09:31:51.676660', 'phone_number': '323232', 'password': 'sina123'}}
2024-10-07 09:36:56,252 - INFO - user logged in successfully{'sina': {'id': 0, 'username': 'sina', 'birthdate': '4564654', 'regdate': '2024-10-07 09:31:51.676660', 'phone_number': '323232', 'password': 'sina1234'}}
2024-10-07 09:37:35,429 - INFO - user logged in successfully{'sina': {'id': 0, 'username': 'sina', 'birthdate': '4564654', 'regdate': '2024-10-07 09:31:51.676660', 'phone_number': '323232', 'password': 'sina'}}
2024-10-07 09:38:07,178 - INFO - user logged in successfully{'sina': {'id': 0, 'username': 'sina', 'birthdate': '4564654', 'regdate': '2024-10-07 09:31:51.676660', 'phone_number': '323232', 'password': 'sina1'}}
2024-10-07 09:38:18,190 - INFO - user logged in successfully{'sina': {'id': 0, 'username': 'sina', 'birthdate': '4564654', 'regdate': '2024-10-07 09:31:51.676660', 'phone_number': '323232', 'password': 'sina1'}}
2024-10-07 09:38:31,163 - INFO - user logged in successfully{'sina': {'id': 0, 'username': 'sina', 'birthdate': '4564654', 'regdate': '2024-10-07 09:31:51.676660', 'phone_number': '323232', 'password': 'sina'}}
2024-10-07 09:38:49,808 - INFO - user logged in successfully{'sina': {'id': 0, 'username': 'sina', 'birthdate': '4564654', 'regdate': '2024-10-07 09:31:51.676660', 'phone_number': '323232', 'password': 'sina'}}
2024-10-07 09:39:08,016 - INFO - user logged in successfully{'sina': {'id': 0, 'username': 'sina', 'birthdate': '4564654', 'regdate': '2024-10-07 09:31:51.676660', 'phone_number': '323232', 'password': 'sina'}}
2024-10-07 09:39:13,271 - INFO - Username Updated!{'sinatb': {'id': 0, 'birthdate': '4564654', 'regdate': '2024-10-07 09:31:51.676660', 'phone_number': '323232', 'password': 'sina', 'username': 'sinatb'}}
2024-10-07 09:39:16,332 - INFO - user logged in successfully{'sinatb': {'id': 0, 'birthdate': '4564654', 'regdate': '2024-10-07 09:31:51.676660', 'phone_number': '323232', 'password': 'sina', 'username': 'sinatb'}}
2024-10-07 09:39:29,210 - INFO - user logged in successfully{'sinatb': {'id': 0, 'birthdate': '4564654', 'regdate': '2024-10-07 09:31:51.676660', 'phone_number': '323232', 'password': 'sina', 'username': 'sinatb'}}
2024-10-07 09:39:35,712 - INFO - user logged in successfully{'sinatb': {'id': 0, 'birthdate': '4564654', 'regdate': '2024-10-07 09:31:51.676660', 'phone_number': '323232', 'password': 'sina', 'username': 'sinatb'}}
2024-10-07 09:39:43,461 - INFO - Phone Number Updated!{'sinatb': {'id': 0, 'birthdate': '4564654', 'regdate': '2024-10-07 09:31:51.676660', 'password': 'sina', 'username': 'sinatb', 'phone_number': '894632132132123'}}
2024-10-07 09:39:46,761 - INFO - user logged in successfully{'sinatb': {'id': 0, 'birthdate': '4564654', 'regdate': '2024-10-07 09:31:51.676660', 'password': 'sina', 'username': 'sinatb', 'phone_number': '894632132132123'}}
2024-10-07 09:39:55,437 - INFO - user logged in successfully{'sinatb': {'id': 0, 'birthdate': '4564654', 'regdate': '2024-10-07 09:31:51.676660', 'password': 'sina', 'username': 'sinatb', 'phone_number': '894632132132123'}}
2024-10-07 09:41:33,521 - INFO - user logged in successfully{'sinatb': {'id': 0, 'birthdate': '4564654', 'regdate': '2024-10-07 09:31:51.676660', 'password': 'sina', 'username': 'sinatb', 'phone_number': '894632132132123'}}
2024-10-07 09:41:45,397 - INFO - Username Updated!{'sina': {'id': 0, 'birthdate': '4564654', 'regdate': '2024-10-07 09:31:51.676660', 'password': 'sina', 'phone_number': '894632132132123', 'username': 'sina'}}
2024-10-07 09:41:55,264 - INFO - user logged in successfully{'sina': {'id': 0, 'birthdate': '4564654', 'regdate': '2024-10-07 09:31:51.676660', 'password': 'sina', 'phone_number': '894632132132123', 'username': 'sina'}}
2024-10-07 09:42:00,483 - INFO - Phone Number Updated!{'sina': {'id': 0, 'birthdate': '4564654', 'regdate': '2024-10-07 09:31:51.676660', 'password': 'sina', 'username': 'sina', 'phone_number': '3434324'}}
2024-10-08 02:34:54,397 - INFO - user logged in successfully{'sina': {'id': 0, 'birthdate': '4564654', 'regdate': '2024-10-07 09:31:51.676660', 'password': 'sina', 'username': 'sina', 'phone_number': '3434324'}}
2024-10-08 02:35:03,139 - INFO - Phone Number Updated!{'sina': {'id': 0, 'birthdate': '4564654', 'regdate': '2024-10-07 09:31:51.676660', 'password': 'sina', 'username': 'sina', 'phone_number': '21312321'}}
2024-10-08 03:04:18,719 - INFO - user logged in successfully{'sina': {'id': 0, 'birthdate': '4564654', 'regdate': '2024-10-07 09:31:51.676660', 'password': 'sina', 'username': 'sina', 'phone_number': '21312321'}}
2024-10-08 03:05:22,944 - INFO - user logged in successfully{'sina': {'id': 0, 'birthdate': '4564654', 'regdate': '2024-10-07 09:31:51.676660', 'password': 'sina', 'username': 'sina', 'phone_number': '21312321'}}
2024-10-08 03:13:07,283 - INFO - user logged in successfully{'sina': {'id': 0, 'birthdate': '4564654', 'regdate': '2024-10-07 09:31:51.676660', 'password': 'sina', 'username': 'sina', 'phone_number': '21312321'}}
2024-10-08 03:20:14,465 - INFO - user logged in successfully{'sina': {'id': 0, 'birthdate': '4564654', 'regdate': '2024-10-07 09:31:51.676660', 'password': 'sina', 'username': 'sina', 'phone_number': '21312321'}}
2024-10-08 03:22:15,437 - INFO - user logged in successfully{'sina': {'id': 0, 'birthdate': '4564654', 'regdate': '2024-10-07 09:31:51.676660', 'password': 'sina', 'username': 'sina', 'phone_number': '21312321'}}
2024-10-08 03:37:05,197 - INFO - SignedUp Successfully!{'sina': {'id': 0, 'birthdate': '4564654', 'regdate': '2024-10-07 09:31:51.676660', 'password': 'sina', 'username': 'sina', 'phone_number': '21312321'}}
2024-10-08 03:37:08,747 - INFO - user logged in successfully{'sina': {'id': 0, 'birthdate': '4564654', 'regdate': '2024-10-07 09:31:51.676660', 'password': 'sina', 'username': 'sina', 'phone_number': '21312321'}}
2024-10-08 03:38:47,517 - INFO - user logged in successfully{'sina': {'id': 0, 'birthdate': '4564654', 'regdate': '2024-10-07 09:31:51.676660', 'password': 'sina', 'username': 'sina', 'phone_number': '21312321'}}
2024-10-08 03:39:56,877 - INFO - user logged in successfully{'sina': {'id': 0, 'birthdate': '4564654', 'regdate': '2024-10-07 09:31:51.676660', 'password': 'sina', 'username': 'sina', 'phone_number': '21312321'}}
2024-10-08 03:41:13,069 - INFO - user logged in successfully{'sina': {'id': 0, 'birthdate': '4564654', 'regdate': '2024-10-07 09:31:51.676660', 'password': 'sina', 'username': 'sina', 'phone_number': '21312321'}}
2024-10-08 03:42:10,866 - INFO - user logged in successfully{'sina': {'id': 0, 'birthdate': '4564654', 'regdate': '2024-10-07 09:31:51.676660', 'password': 'sina', 'username': 'sina', 'phone_number': '21312321'}}
2024-10-08 03:42:32,287 - INFO - user logged in successfully{'sina': {'id': 0, 'birthdate': '4564654', 'regdate': '2024-10-07 09:31:51.676660', 'password': 'sina', 'username': 'sina', 'phone_number': '21312321'}}
2024-10-08 03:43:25,995 - INFO - user logged in successfully{'sina': {'id': 0, 'birthdate': '4564654', 'regdate': '2024-10-07 09:31:51.676660', 'password': 'sina', 'username': 'sina', 'phone_number': '21312321'}}
2024-10-08 03:43:59,232 - INFO - user logged in successfully{'sina': {'id': 0, 'birthdate': '4564654', 'regdate': '2024-10-07 09:31:51.676660', 'password': 'sina', 'username': 'sina', 'phone_number': '21312321'}}
2024-10-08 03:44:40,590 - INFO - user logged in successfully{'sina': {'id': 0, 'birthdate': '4564654', 'regdate': '2024-10-07 09:31:51.676660', 'password': 'sina', 'username': 'sina', 'phone_number': '21312321'}}
2024-10-08 03:47:28,480 - INFO - user logged in successfully{'sina': {'id': 0, 'birthdate': '4564654', 'regdate': '2024-10-07 09:31:51.676660', 'password': 'sina', 'username': 'sina', 'phone_number': '21312321'}}
2024-10-08 03:47:50,682 - INFO - user logged in successfully{'sina': {'id': 0, 'birthdate': '4564654', 'regdate': '2024-10-07 09:31:51.676660', 'password': 'sina', 'username': 'sina', 'phone_number': '21312321'}}
2024-10-08 03:48:14,545 - INFO - user logged in successfully{'sina': {'id': 0, 'birthdate': '4564654', 'regdate': '2024-10-07 09:31:51.676660', 'password': 'sina', 'username': 'sina', 'phone_number': '21312321'}}
2024-10-08 03:51:30,569 - INFO - user logged in successfully{'sina': {'id': 0, 'birthdate': '4564654', 'regdate': '2024-10-07 09:31:51.676660', 'password': 'sina', 'username': 'sina', 'phone_number': '21312321'}}
2024-10-08 03:52:09,140 - INFO - user logged in successfully{'sina': {'id': 0, 'birthdate': '4564654', 'regdate': '2024-10-07 09:31:51.676660', 'password': 'sina', 'username': 'sina', 'phone_number': '21312321'}}
2024-10-08 03:54:03,539 - INFO - user logged in successfully{'sina': {'id': 0, 'birthdate': '4564654', 'regdate': '2024-10-07 09:31:51.676660', 'password': 'sina', 'username': 'sina', 'phone_number': '21312321'}}
2024-10-08 03:54:22,389 - INFO - user logged in successfully{'sina': {'id': 0, 'birthdate': '4564654', 'regdate': '2024-10-07 09:31:51.676660', 'password': 'sina', 'username': 'sina', 'phone_number': '21312321'}}
2024-10-08 03:55:27,658 - INFO - user logged in successfully{'sina': {'id': 0, 'birthdate': '4564654', 'regdate': '2024-10-07 09:31:51.676660', 'password': 'sina', 'username': 'sina', 'phone_number': '21312321'}}
2024-10-08 03:58:05,027 - INFO - user logged in successfully{'sina': {'id': 0, 'birthdate': '4564654', 'regdate': '2024-10-07 09:31:51.676660', 'password': 'sina', 'username': 'sina', 'phone_number': '21312321'}}
2024-10-08 03:58:37,774 - INFO - user logged in successfully{'sina': {'id': 0, 'birthdate': '4564654', 'regdate': '2024-10-07 09:31:51.676660', 'password': 'sina', 'username': 'sina', 'phone_number': '21312321'}}
2024-10-08 04:00:32,940 - INFO - user logged in successfully{'sina': {'id': 0, 'birthdate': '4564654', 'regdate': '2024-10-07 09:31:51.676660', 'password': 'sina', 'username': 'sina', 'phone_number': '21312321'}}
2024-10-08 04:02:57,494 - INFO - user logged in successfully{'sina': {'id': 0, 'birthdate': '4564654', 'regdate': '2024-10-07 09:31:51.676660', 'password': 'sina', 'username': 'sina', 'phone_number': '21312321'}}
2024-10-08 04:03:27,291 - INFO - user logged in successfully{'sina': {'id': 0, 'birthdate': '4564654', 'regdate': '2024-10-07 09:31:51.676660', 'password': 'sina', 'username': 'sina', 'phone_number': '21312321'}}
2024-10-08 04:04:08,114 - INFO - user logged in successfully{'sina': {'id': 0, 'birthdate': '4564654', 'regdate': '2024-10-07 09:31:51.676660', 'password': 'sina', 'username': 'sina', 'phone_number': '21312321'}}
2024-10-08 04:05:24,986 - INFO - user logged in successfully{'sina': {'id': 0, 'birthdate': '4564654', 'regdate': '2024-10-07 09:31:51.676660', 'password': 'sina', 'username': 'sina', 'phone_number': '21312321'}}
2024-10-08 04:06:22,211 - INFO - user logged in successfully{'sina': {'id': 0, 'birthdate': '4564654', 'regdate': '2024-10-07 09:31:51.676660', 'password': 'sina', 'username': 'sina', 'phone_number': '21312321'}}
2024-10-08 04:06:54,143 - INFO - user logged in successfully{'sina': {'id': 0, 'birthdate': '4564654', 'regdate': '2024-10-07 09:31:51.676660', 'password': 'sina', 'username': 'sina', 'phone_number': '21312321'}}
2024-10-08 04:07:18,141 - INFO - user logged in successfully{'sina': {'id': 0, 'birthdate': '4564654', 'regdate': '2024-10-07 09:31:51.676660', 'password': 'sina', 'username': 'sina', 'phone_number': '21312321'}}
2024-10-10 03:05:56,666 - INFO - user logged in successfully{'sina': {'id': 0, 'birthdate': '4564654', 'regdate': '2024-10-07 09:31:51.676660', 'password': 'sina', 'username': 'sina', 'phone_number': '21312321'}}
2024-10-10 03:06:49,179 - INFO - user logged in successfully{'sina': {'id': 0, 'birthdate': '4564654', 'regdate': '2024-10-07 09:31:51.676660', 'password': 'sina', 'username': 'sina', 'phone_number': '21312321'}}
2024-10-10 03:07:07,460 - INFO - user logged in successfully{'sina': {'id': 0, 'birthdate': '4564654', 'regdate': '2024-10-07 09:31:51.676660', 'password': 'sina', 'username': 'sina', 'phone_number': '21312321'}}
2024-10-10 03:07:11,814 - INFO - user logged in successfully{'sina': {'id': 0, 'birthdate': '4564654', 'regdate': '2024-10-07 09:31:51.676660', 'password': 'sina', 'username': 'sina', 'phone_number': '21312321'}}
2024-10-10 03:08:19,493 - INFO - user logged in successfully{'sina': {'id': 0, 'birthdate': '4564654', 'regdate': '2024-10-07 09:31:51.676660', 'password': 'sina', 'username': 'sina', 'phone_number': '21312321'}}
2024-10-10 03:08:27,235 - INFO - user logged in successfully{'sina': {'id': 0, 'birthdate': '4564654', 'regdate': '2024-10-07 09:31:51.676660', 'password': 'sina', 'username': 'sina', 'phone_number': '21312321'}}
2024-10-10 03:08:40,291 - INFO - user logged in successfully{'sina': {'id': 0, 'birthdate': '4564654', 'regdate': '2024-10-07 09:31:51.676660', 'password': 'sina', 'username': 'sina', 'phone_number': '21312321'}}
2024-10-10 03:12:46,500 - INFO - user logged in successfully{'sina': {'id': 0, 'birthdate': '4564654', 'regdate': '2024-10-07 09:31:51.676660', 'password': 'sina', 'username': 'sina', 'phone_number': '21312321'}}
2024-10-10 03:16:09,003 - INFO - user logged in successfully{'sina': {'id': 0, 'birthdate': '4564654', 'regdate': '2024-10-07 09:31:51.676660', 'password': 'sina', 'username': 'sina', 'phone_number': '21312321'}}
2024-10-10 03:18:10,277 - INFO - user logged in successfully{'sina': {'id': 0, 'birthdate': '4564654', 'regdate': '2024-10-07 09:31:51.676660', 'password': 'sina', 'username': 'sina', 'phone_number': '21312321'}}
2024-10-10 03:18:32,619 - INFO - user logged in successfully{'sina': {'id': 0, 'birthdate': '4564654', 'regdate': '2024-10-07 09:31:51.676660', 'password': 'sina', 'username': 'sina', 'phone_number': '21312321'}}
2024-10-10 03:18:59,972 - INFO - user logged in successfully{'sina': {'id': 0, 'birthdate': '4564654', 'regdate': '2024-10-07 09:31:51.676660', 'password': 'sina', 'username': 'sina', 'phone_number': '21312321'}}
2024-10-10 03:21:55,702 - INFO - user logged in successfully{'sina': {'id': 0, 'birthdate': '4564654', 'regdate': '2024-10-07 09:31:51.676660', 'password': 'sina', 'username': 'sina', 'phone_number': '21312321'}}
2024-10-10 03:22:49,946 - INFO - user logged in successfully{'sina': {'id': 0, 'birthdate': '4564654', 'regdate': '2024-10-07 09:31:51.676660', 'password': 'sina', 'username': 'sina', 'phone_number': '21312321'}}
2024-10-10 03:23:08,394 - INFO - user logged in successfully{'sina': {'id': 0, 'birthdate': '4564654', 'regdate': '2024-10-07 09:31:51.676660', 'password': 'sina', 'username': 'sina', 'phone_number': '21312321'}}
2024-10-10 03:25:31,931 - INFO - user logged in successfully{'sina': {'id': 0, 'birthdate': '4564654', 'regdate': '2024-10-07 09:31:51.676660', 'password': 'sina', 'username': 'sina', 'phone_number': '21312321'}}
2024-10-10 03:26:01,103 - INFO - user logged in successfully{'sina': {'id': 0, 'birthdate': '4564654', 'regdate': '2024-10-07 09:31:51.676660', 'password': 'sina', 'username': 'sina', 'phone_number': '21312321'}}
2024-10-10 03:26:20,316 - INFO - user logged in successfully{'sina': {'id': 0, 'birthdate': '4564654', 'regdate': '2024-10-07 09:31:51.676660', 'password': 'sina', 'username': 'sina', 'phone_number': '21312321'}}
2024-10-10 03:26:41,951 - INFO - user logged in successfully{'sina': {'id': 0, 'birthdate': '4564654', 'regdate': '2024-10-07 09:31:51.676660', 'password': 'sina', 'username': 'sina', 'phone_number': '21312321'}}
2024-10-10 03:28:43,786 - INFO - user logged in successfully{'sina': {'id': 0, 'birthdate': '4564654', 'regdate': '2024-10-07 09:31:51.676660', 'password': 'sina', 'username': 'sina', 'phone_number': '21312321'}}
2024-10-10 03:30:09,458 - INFO - user logged in successfully{'sina': {'id': 0, 'birthdate': '4564654', 'regdate': '2024-10-07 09:31:51.676660', 'password': 'sina', 'username': 'sina', 'phone_number': '21312321'}}
2024-10-10 03:30:32,995 - INFO - user logged in successfully{'sina': {'id': 0, 'birthdate': '4564654', 'regdate': '2024-10-07 09:31:51.676660', 'password': 'sina', 'username': 'sina', 'phone_number': '21312321'}}
2024-10-10 03:31:53,243 - INFO - user logged in successfully{'sina': {'id': 0, 'birthdate': '4564654', 'regdate': '2024-10-07 09:31:51.676660', 'password': 'sina', 'username': 'sina', 'phone_number': '21312321'}}
2024-10-10 03:34:37,384 - INFO - user logged in successfully{'sina': {'id': 0, 'birthdate': '4564654', 'regdate': '2024-10-07 09:31:51.676660', 'password': 'sina', 'username': 'sina', 'phone_number': '21312321'}}
2024-10-10 03:36:09,684 - INFO - user logged in successfully{'sina': {'id': 0, 'birthdate': '4564654', 'regdate': '2024-10-07 09:31:51.676660', 'password': 'sina', 'username': 'sina', 'phone_number': '21312321'}}
2024-10-10 03:37:59,194 - INFO - user logged in successfully{'sina': {'id': 0, 'birthdate': '4564654', 'regdate': '2024-10-07 09:31:51.676660', 'password': 'sina', 'username': 'sina', 'phone_number': '21312321'}}
2024-10-10 03:38:24,277 - INFO - user logged in successfully{'sina': {'id': 0, 'birthdate': '4564654', 'regdate': '2024-10-07 09:31:51.676660', 'password': 'sina', 'username': 'sina', 'phone_number': '21312321'}}
2024-10-10 03:38:45,434 - INFO - user logged in successfully{'sina': {'id': 0, 'birthdate': '4564654', 'regdate': '2024-10-07 09:31:51.676660', 'password': 'sina', 'username': 'sina', 'phone_number': '21312321'}}
2024-10-10 03:39:59,781 - INFO - user logged in successfully{'sina': {'id': 0, 'birthdate': '4564654', 'regdate': '2024-10-07 09:31:51.676660', 'password': 'sina', 'username': 'sina', 'phone_number': '21312321'}}
2024-10-10 03:40:22,842 - INFO - user logged in successfully{'sina': {'id': 0, 'birthdate': '4564654', 'regdate': '2024-10-07 09:31:51.676660', 'password': 'sina', 'username': 'sina', 'phone_number': '21312321'}}
2024-10-10 03:45:57,015 - INFO - user logged in successfully{'sina': {'id': 0, 'birthdate': '4564654', 'regdate': '2024-10-07 09:31:51.676660', 'password': 'sina', 'username': 'sina', 'phone_number': '21312321'}}
2024-10-10 03:47:29,890 - INFO - user logged in successfully{'sina': {'id': 0, 'birthdate': '4564654', 'regdate': '2024-10-07 09:31:51.676660', 'password': 'sina', 'username': 'sina', 'phone_number': '21312321'}}
2024-10-10 03:47:57,419 - INFO - user logged in successfully{'sina': {'id': 0, 'birthdate': '4564654', 'regdate': '2024-10-07 09:31:51.676660', 'password': 'sina', 'username': 'sina', 'phone_number': '21312321'}}
2024-10-10 03:49:01,553 - INFO - user logged in successfully{'sina': {'id': 0, 'birthdate': '4564654', 'regdate': '2024-10-07 09:31:51.676660', 'password': 'sina', 'username': 'sina', 'phone_number': '21312321'}}
2024-10-10 03:49:13,781 - INFO - user logged in successfully{'sina': {'id': 0, 'birthdate': '4564654', 'regdate': '2024-10-07 09:31:51.676660', 'password': 'sina', 'username': 'sina', 'phone_number': '21312321'}}
2024-10-10 03:50:54,946 - INFO - user logged in successfully{'sina': {'id': 0, 'birthdate': '4564654', 'regdate': '2024-10-07 09:31:51.676660', 'password': 'sina', 'username': 'sina', 'phone_number': '21312321'}}
2024-10-10 03:51:09,377 - INFO - user logged in successfully{'sina': {'id': 0, 'birthdate': '4564654', 'regdate': '2024-10-07 09:31:51.676660', 'password': 'sina', 'username': 'sina', 'phone_number': '21312321'}}
2024-10-10 03:52:42,906 - INFO - user logged in successfully{'sina': {'id': 0, 'birthdate': '4564654', 'regdate': '2024-10-07 09:31:51.676660', 'password': 'sina', 'username': 'sina', 'phone_number': '21312321'}}
2024-10-10 03:53:01,386 - INFO - user logged in successfully{'sina': {'id': 0, 'birthdate': '4564654', 'regdate': '2024-10-07 09:31:51.676660', 'password': 'sina', 'username': 'sina', 'phone_number': '21312321'}}
2024-10-10 03:53:05,906 - INFO - Username Updated!{'': {'id': 0, 'birthdate': '4564654', 'regdate': '2024-10-07 09:31:51.676660', 'password': 'sina', 'phone_number': '21312321', 'username': ''}}
2024-10-10 03:53:13,138 - INFO - Username Updated!{'sina': {'id': 0, 'birthdate': '4564654', 'regdate': '2024-10-07 09:31:51.676660', 'password': 'sina', 'phone_number': '21312321', 'username': 'sina'}}
2024-10-10 03:55:41,394 - INFO - user logged in successfully{'sina': {'id': 0, 'birthdate': '4564654', 'regdate': '2024-10-07 09:31:51.676660', 'password': 'sina', 'phone_number': '21312321', 'username': 'sina'}}
2024-10-10 03:56:07,761 - INFO - user logged in successfully{'sina': {'id': 0, 'birthdate': '4564654', 'regdate': '2024-10-07 09:31:51.676660', 'password': 'sina', 'phone_number': '21312321', 'username': 'sina'}}
2024-10-10 03:57:47,215 - INFO - user logged in successfully{'sina': {'id': 0, 'birthdate': '4564654', 'regdate': '2024-10-07 09:31:51.676660', 'password': 'sina', 'phone_number': '21312321', 'username': 'sina'}}
2024-10-10 03:58:12,644 - INFO - user logged in successfully{'sina': {'id': 0, 'birthdate': '4564654', 'regdate': '2024-10-07 09:31:51.676660', 'password': 'sina', 'phone_number': '21312321', 'username': 'sina'}}
2024-10-10 03:59:14,794 - INFO - user logged in successfully{'sina': {'id': 0, 'birthdate': '4564654', 'regdate': '2024-10-07 09:31:51.676660', 'password': 'sina', 'phone_number': '21312321', 'username': 'sina'}}
2024-10-10 03:59:49,758 - INFO - user logged in successfully{'sina': {'id': 0, 'birthdate': '4564654', 'regdate': '2024-10-07 09:31:51.676660', 'password': 'sina', 'phone_number': '21312321', 'username': 'sina'}}
2024-10-10 04:00:51,827 - INFO - user logged in successfully{'sina': {'id': 0, 'birthdate': '4564654', 'regdate': '2024-10-07 09:31:51.676660', 'password': 'sina', 'phone_number': '21312321', 'username': 'sina'}}
2024-10-10 04:02:31,274 - INFO - user logged in successfully{'sina': {'id': 0, 'birthdate': '4564654', 'regdate': '2024-10-07 09:31:51.676660', 'password': 'sina', 'phone_number': '21312321', 'username': 'sina'}}
2024-10-10 04:04:34,773 - INFO - user logged in successfully{'sina': {'id': 0, 'birthdate': '4564654', 'regdate': '2024-10-07 09:31:51.676660', 'password': 'sina', 'phone_number': '21312321', 'username': 'sina'}}
2024-10-10 04:04:48,357 - INFO - user logged in successfully{'sina': {'id': 0, 'birthdate': '4564654', 'regdate': '2024-10-07 09:31:51.676660', 'password': 'sina', 'phone_number': '21312321', 'username': 'sina'}}
2024-10-10 04:07:31,052 - INFO - user logged in successfully{'sina': {'id': 0, 'birthdate': '4564654', 'regdate': '2024-10-07 09:31:51.676660', 'password': 'sina', 'phone_number': '21312321', 'username': 'sina'}}
2024-10-10 04:08:20,513 - INFO - user logged in successfully{'sina': {'id': 0, 'birthdate': '4564654', 'regdate': '2024-10-07 09:31:51.676660', 'password': 'sina', 'phone_number': '21312321', 'username': 'sina'}}
2024-10-10 04:08:54,036 - INFO - user logged in successfully{'sina': {'id': 0, 'birthdate': '4564654', 'regdate': '2024-10-07 09:31:51.676660', 'password': 'sina', 'phone_number': '21312321', 'username': 'sina'}}
2024-10-10 04:09:18,597 - INFO - user logged in successfully{'sina': {'id': 0, 'birthdate': '4564654', 'regdate': '2024-10-07 09:31:51.676660', 'password': 'sina', 'phone_number': '21312321', 'username': 'sina'}}
2024-10-10 04:09:43,415 - INFO - user logged in successfully{'sina': {'id': 0, 'birthdate': '4564654', 'regdate': '2024-10-07 09:31:51.676660', 'password': 'sina', 'phone_number': '21312321', 'username': 'sina'}}
2024-10-10 04:10:24,091 - INFO - user logged in successfully{'sina': {'id': 0, 'birthdate': '4564654', 'regdate': '2024-10-07 09:31:51.676660', 'password': 'sina', 'phone_number': '21312321', 'username': 'sina'}}
2024-10-10 04:11:31,187 - INFO - user logged in successfully{'sina': {'id': 0, 'birthdate': '4564654', 'regdate': '2024-10-07 09:31:51.676660', 'password': 'sina', 'phone_number': '21312321', 'username': 'sina'}}
2024-10-10 04:12:01,200 - INFO - user logged in successfully{'sina': {'id': 0, 'birthdate': '4564654', 'regdate': '2024-10-07 09:31:51.676660', 'password': 'sina', 'phone_number': '21312321', 'username': 'sina'}}
2024-10-10 04:13:28,678 - INFO - user logged in successfully{'sina': {'id': 0, 'birthdate': '4564654', 'regdate': '2024-10-07 09:31:51.676660', 'password': 'sina', 'phone_number': '21312321', 'username': 'sina'}}
2024-10-10 04:13:56,968 - INFO - user logged in successfully{'sina': {'id': 0, 'birthdate': '4564654', 'regdate': '2024-10-07 09:31:51.676660', 'password': 'sina', 'phone_number': '21312321', 'username': 'sina'}}
2024-10-10 04:14:40,674 - INFO - user logged in successfully{'sina': {'id': 0, 'birthdate': '4564654', 'regdate': '2024-10-07 09:31:51.676660', 'password': 'sina', 'phone_number': '21312321', 'username': 'sina'}}
2024-10-10 04:15:23,140 - INFO - user logged in successfully{'sina': {'id': 0, 'birthdate': '4564654', 'regdate': '2024-10-07 09:31:51.676660', 'password': 'sina', 'phone_number': '21312321', 'username': 'sina'}}
2024-10-10 04:16:11,054 - INFO - user logged in successfully{'sina': {'id': 0, 'birthdate': '4564654', 'regdate': '2024-10-07 09:31:51.676660', 'password': 'sina', 'phone_number': '21312321', 'username': 'sina'}}
2024-10-10 04:18:09,557 - INFO - user logged in successfully{'sina': {'id': 0, 'birthdate': '4564654', 'regdate': '2024-10-07 09:31:51.676660', 'password': 'sina', 'phone_number': '21312321', 'username': 'sina'}}
2024-10-10 04:20:19,585 - INFO - user logged in successfully{'sina': {'id': 0, 'birthdate': '4564654', 'regdate': '2024-10-07 09:31:51.676660', 'password': 'sina', 'phone_number': '21312321', 'username': 'sina'}}
2024-10-10 04:22:53,059 - INFO - user logged in successfully{'sina': {'id': 0, 'birthdate': '4564654', 'regdate': '2024-10-07 09:31:51.676660', 'password': 'sina', 'phone_number': '21312321', 'username': 'sina'}}
2024-10-10 04:24:37,817 - INFO - user logged in successfully{'sina': {'id': 0, 'birthdate': '4564654', 'regdate': '2024-10-07 09:31:51.676660', 'password': 'sina', 'phone_number': '21312321', 'username': 'sina'}}
2024-10-10 04:26:14,230 - INFO - user logged in successfully{'sina': {'id': 0, 'birthdate': '4564654', 'regdate': '2024-10-07 09:31:51.676660', 'password': 'sina', 'phone_number': '21312321', 'username': 'sina'}}
2024-10-10 04:27:45,492 - INFO - user logged in successfully{'sina': {'id': 0, 'birthdate': '4564654', 'regdate': '2024-10-07 09:31:51.676660', 'password': 'sina', 'phone_number': '21312321', 'username': 'sina'}}
2024-10-10 04:28:26,496 - INFO - user logged in successfully{'sina': {'id': 0, 'birthdate': '4564654', 'regdate': '2024-10-07 09:31:51.676660', 'password': 'sina', 'phone_number': '21312321', 'username': 'sina'}}
2024-10-10 04:29:19,685 - INFO - user logged in successfully{'sina': {'id': 0, 'birthdate': '4564654', 'regdate': '2024-10-07 09:31:51.676660', 'password': 'sina', 'phone_number': '21312321', 'username': 'sina'}}
2024-10-10 04:29:51,304 - INFO - user logged in successfully{'sina': {'id': 0, 'birthdate': '4564654', 'regdate': '2024-10-07 09:31:51.676660', 'password': 'sina', 'phone_number': '21312321', 'username': 'sina'}}
2024-10-10 04:30:20,503 - INFO - user logged in successfully{'sina': {'id': 0, 'birthdate': '4564654', 'regdate': '2024-10-07 09:31:51.676660', 'password': 'sina', 'phone_number': '21312321', 'username': 'sina'}}
2024-10-10 04:30:41,550 - INFO - user logged in successfully{'sina': {'id': 0, 'birthdate': '4564654', 'regdate': '2024-10-07 09:31:51.676660', 'password': 'sina', 'phone_number': '21312321', 'username': 'sina'}}
2024-10-10 04:31:21,851 - INFO - user logged in successfully{'sina': {'id': 0, 'birthdate': '4564654', 'regdate': '2024-10-07 09:31:51.676660', 'password': 'sina', 'phone_number': '21312321', 'username': 'sina'}}
2024-10-10 04:33:15,221 - INFO - user logged in successfully{'sina': {'id': 0, 'birthdate': '4564654', 'regdate': '2024-10-07 09:31:51.676660', 'password': 'sina', 'phone_number': '21312321', 'username': 'sina'}}
2024-10-10 04:33:31,177 - INFO - user logged in successfully{'sina': {'id': 0, 'birthdate': '4564654', 'regdate': '2024-10-07 09:31:51.676660', 'password': 'sina', 'phone_number': '21312321', 'username': 'sina'}}
2024-10-10 04:35:14,763 - INFO - user logged in successfully{'sina': {'id': 0, 'birthdate': '4564654', 'regdate': '2024-10-07 09:31:51.676660', 'password': 'sina', 'phone_number': '21312321', 'username': 'sina'}}
2024-10-10 04:36:10,981 - INFO - user logged in successfully{'sina': {'id': 0, 'birthdate': '4564654', 'regdate': '2024-10-07 09:31:51.676660', 'password': 'sina', 'phone_number': '21312321', 'username': 'sina'}}
2024-10-10 04:36:43,027 - INFO - user logged in successfully{'sina': {'id': 0, 'birthdate': '4564654', 'regdate': '2024-10-07 09:31:51.676660', 'password': 'sina', 'phone_number': '21312321', 'username': 'sina'}}
2024-10-10 04:36:57,421 - INFO - user logged in successfully{'sina': {'id': 0, 'birthdate': '4564654', 'regdate': '2024-10-07 09:31:51.676660', 'password': 'sina', 'phone_number': '21312321', 'username': 'sina'}}
2024-10-10 04:45:11,813 - INFO - user logged in successfully{'sina': {'id': 0, 'birthdate': '4564654', 'regdate': '2024-10-07 09:31:51.676660', 'password': 'sina', 'phone_number': '21312321', 'username': 'sina'}}
2024-10-10 04:45:54,759 - INFO - user logged in successfully{'sina': {'id': 0, 'birthdate': '4564654', 'regdate': '2024-10-07 09:31:51.676660', 'password': 'sina', 'phone_number': '21312321', 'username': 'sina'}}
2024-10-10 04:50:58,646 - INFO - user logged in successfully{'sina': {'id': 0, 'birthdate': '4564654', 'regdate': '2024-10-07 09:31:51.676660', 'password': 'sina', 'phone_number': '21312321', 'username': 'sina'}}
2024-10-10 04:53:17,853 - INFO - user logged in successfully{'sina': {'id': 0, 'birthdate': '4564654', 'regdate': '2024-10-07 09:31:51.676660', 'password': 'sina', 'phone_number': '21312321', 'username': 'sina'}}
2024-10-10 05:02:00,550 - INFO - user logged in successfully{'sina': {'id': 0, 'birthdate': '4564654', 'regdate': '2024-10-07 09:31:51.676660', 'password': 'sina', 'phone_number': '21312321', 'username': 'sina'}}
2024-10-10 05:04:37,695 - INFO - user logged in successfully{'sina': {'id': 0, 'birthdate': '4564654', 'regdate': '2024-10-07 09:31:51.676660', 'password': 'sina', 'phone_number': '21312321', 'username': 'sina'}}
2024-10-10 05:06:02,278 - INFO - user logged in successfully{'sina': {'id': 0, 'birthdate': '4564654', 'regdate': '2024-10-07 09:31:51.676660', 'password': 'sina', 'phone_number': '21312321', 'username': 'sina'}}
2024-10-10 05:07:20,715 - INFO - user logged in successfully{'sina': {'id': 0, 'birthdate': '4564654', 'regdate': '2024-10-07 09:31:51.676660', 'password': 'sina', 'phone_number': '21312321', 'username': 'sina'}}
2024-10-10 05:08:50,332 - INFO - user logged in successfully{'sina': {'id': 0, 'birthdate': '4564654', 'regdate': '2024-10-07 09:31:51.676660', 'password': 'sina', 'phone_number': '21312321', 'username': 'sina'}}
2024-10-10 05:09:43,352 - INFO - user logged in successfully{'sina': {'id': 0, 'birthdate': '4564654', 'regdate': '2024-10-07 09:31:51.676660', 'password': 'sina', 'phone_number': '21312321', 'username': 'sina'}}
2024-10-10 05:11:16,225 - INFO - user logged in successfully{'sina': {'id': 0, 'birthdate': '4564654', 'regdate': '2024-10-07 09:31:51.676660', 'password': 'sina', 'phone_number': '21312321', 'username': 'sina'}}
2024-10-12 03:15:38,247 - INFO - user logged in successfully{'sina': {'id': 0, 'birthdate': '4564654', 'regdate': '2024-10-07 09:31:51.676660', 'password': 'sina', 'phone_number': '21312321', 'username': 'sina'}}
2024-10-12 03:18:09,366 - INFO - Phone Number Updated!{'sina': {'id': 0, 'birthdate': '4564654', 'regdate': '2024-10-07 09:31:51.676660', 'password': 'sina', 'username': 'sina', 'phone_number': '09392858722'}}
2024-10-12 03:31:26,654 - INFO - user logged in successfully{'sina': {'id': 0, 'birthdate': '4564654', 'regdate': '2024-10-07 09:31:51.676660', 'password': 'sina', 'username': 'sina', 'phone_number': '09392858722'}}
2024-10-12 03:34:51,336 - INFO - user logged in successfully{'sina': {'id': 0, 'birthdate': '4564654', 'regdate': '2024-10-07 09:31:51.676660', 'password': 'sina', 'username': 'sina', 'phone_number': '09392858722'}}
2024-10-12 03:35:23,203 - INFO - user logged in successfully{'sina': {'id': 0, 'birthdate': '4564654', 'regdate': '2024-10-07 09:31:51.676660', 'password': 'sina', 'username': 'sina', 'phone_number': '09392858722'}}
2024-10-12 03:49:13,370 - INFO - user logged in successfully{'sina': {'id': 0, 'birthdate': '4564654', 'regdate': '2024-10-07 09:31:51.676660', 'password': 'sina', 'username': 'sina', 'phone_number': '09392858722'}}
2024-10-12 03:50:34,947 - INFO - user logged in successfully{'sina': {'id': 0, 'birthdate': '4564654', 'regdate': '2024-10-07 09:31:51.676660', 'password': 'sina', 'username': 'sina', 'phone_number': '09392858722'}}
2024-10-12 03:56:12,993 - INFO - user logged in successfully{'sina': {'id': 0, 'birthdate': '4564654', 'regdate': '2024-10-07 09:31:51.676660', 'password': 'sina', 'username': 'sina', 'phone_number': '09392858722'}}
2024-10-12 03:59:23,653 - INFO - user logged in successfully{'sina': {'id': 0, 'birthdate': '4564654', 'regdate': '2024-10-07 09:31:51.676660', 'password': 'sina', 'username': 'sina', 'phone_number': '09392858722'}}
2024-10-12 04:06:12,879 - INFO - user logged in successfully{'sina': {'id': 0, 'birthdate': '4564654', 'regdate': '2024-10-07 09:31:51.676660', 'password': 'sina', 'username': 'sina', 'phone_number': '09392858722'}}
2024-10-12 04:08:15,030 - INFO - user logged in successfully{'sina': {'id': 0, 'birthdate': '4564654', 'regdate': '2024-10-07 09:31:51.676660', 'password': 'sina', 'username': 'sina', 'phone_number': '09392858722'}}
2024-10-12 04:09:16,953 - INFO - user logged in successfully{'sina': {'id': 0, 'birthdate': '4564654', 'regdate': '2024-10-07 09:31:51.676660', 'password': 'sina', 'username': 'sina', 'phone_number': '09392858722'}}
2024-10-12 04:10:32,888 - INFO - user logged in successfully{'sina': {'id': 0, 'birthdate': '4564654', 'regdate': '2024-10-07 09:31:51.676660', 'password': 'sina', 'username': 'sina', 'phone_number': '09392858722'}}
2024-10-12 04:11:19,462 - INFO - user logged in successfully{'sina': {'id': 0, 'birthdate': '4564654', 'regdate': '2024-10-07 09:31:51.676660', 'password': 'sina', 'username': 'sina', 'phone_number': '09392858722'}}
2024-10-12 04:14:25,800 - INFO - user logged in successfully{'sina': {'id': 0, 'birthdate': '4564654', 'regdate': '2024-10-07 09:31:51.676660', 'password': 'sina', 'username': 'sina', 'phone_number': '09392858722'}}
2024-10-12 04:17:58,517 - INFO - user logged in successfully{'sina': {'id': 0, 'birthdate': '4564654', 'regdate': '2024-10-07 09:31:51.676660', 'password': 'sina', 'username': 'sina', 'phone_number': '09392858722'}}
2024-10-12 04:20:49,539 - INFO - user logged in successfully{'sina': {'id': 0, 'birthdate': '4564654', 'regdate': '2024-10-07 09:31:51.676660', 'password': 'sina', 'username': 'sina', 'phone_number': '09392858722'}}
2024-10-12 04:28:11,961 - INFO - user logged in successfully{'sina': {'id': 0, 'birthdate': '4564654', 'regdate': '2024-10-07 09:31:51.676660', 'password': 'sina', 'username': 'sina', 'phone_number': '09392858722'}}
2024-10-12 04:29:49,850 - INFO - user logged in successfully{'sina': {'id': 0, 'birthdate': '4564654', 'regdate': '2024-10-07 09:31:51.676660', 'password': 'sina', 'username': 'sina', 'phone_number': '09392858722'}}
2024-10-12 04:36:27,483 - INFO - user logged in successfully{'sina': {'id': 0, 'birthdate': '4564654', 'regdate': '2024-10-07 09:31:51.676660', 'password': 'sina', 'username': 'sina', 'phone_number': '09392858722'}}
2024-10-12 04:44:20,694 - INFO - user logged in successfully{'sina': {'id': 0, 'birthdate': '4564654', 'regdate': '2024-10-07 09:31:51.676660', 'password': 'sina', 'username': 'sina', 'phone_number': '09392858722'}}
2024-10-12 04:46:36,597 - INFO - user logged in successfully{'sina': {'id': 0, 'birthdate': '4564654', 'regdate': '2024-10-07 09:31:51.676660', 'password': 'sina', 'username': 'sina', 'phone_number': '09392858722'}}
2024-10-12 04:47:18,225 - INFO - user logged in successfully{'sina': {'id': 0, 'birthdate': '4564654', 'regdate': '2024-10-07 09:31:51.676660', 'password': 'sina', 'username': 'sina', 'phone_number': '09392858722'}}
2024-10-12 04:47:50,112 - INFO - user logged in successfully{'sina': {'id': 0, 'birthdate': '4564654', 'regdate': '2024-10-07 09:31:51.676660', 'password': 'sina', 'username': 'sina', 'phone_number': '09392858722'}}
2024-10-12 04:48:14,707 - INFO - user logged in successfully{'sina': {'id': 0, 'birthdate': '4564654', 'regdate': '2024-10-07 09:31:51.676660', 'password': 'sina', 'username': 'sina', 'phone_number': '09392858722'}}
2024-10-12 04:48:44,526 - INFO - user logged in successfully{'sina': {'id': 0, 'birthdate': '4564654', 'regdate': '2024-10-07 09:31:51.676660', 'password': 'sina', 'username': 'sina', 'phone_number': '09392858722'}}
2024-10-12 04:50:16,317 - INFO - user logged in successfully{'sina': {'id': 0, 'birthdate': '4564654', 'regdate': '2024-10-07 09:31:51.676660', 'password': 'sina', 'username': 'sina', 'phone_number': '09392858722'}}
2024-10-12 04:50:55,293 - INFO - user logged in successfully{'sina': {'id': 0, 'birthdate': '4564654', 'regdate': '2024-10-07 09:31:51.676660', 'password': 'sina', 'username': 'sina', 'phone_number': '09392858722'}}
2024-10-12 04:54:58,024 - INFO - user logged in successfully{'sina': {'id': 0, 'birthdate': '4564654', 'regdate': '2024-10-07 09:31:51.676660', 'password': 'sina', 'username': 'sina', 'phone_number': '09392858722'}}
2024-10-12 04:56:01,974 - INFO - user logged in successfully{'sina': {'id': 0, 'birthdate': '4564654', 'regdate': '2024-10-07 09:31:51.676660', 'password': 'sina', 'username': 'sina', 'phone_number': '09392858722'}}
2024-10-12 05:06:35,242 - INFO - user logged in successfully{'sina': {'id': 0, 'birthdate': '4564654', 'regdate': '2024-10-07 09:31:51.676660', 'password': 'sina', 'username': 'sina', 'phone_number': '09392858722'}}
2024-10-12 05:08:27,440 - INFO - user logged in successfully{'sina': {'id': 0, 'birthdate': '4564654', 'regdate': '2024-10-07 09:31:51.676660', 'password': 'sina', 'username': 'sina', 'phone_number': '09392858722'}}
2024-10-12 05:09:32,639 - INFO - user logged in successfully{'sina': {'id': 0, 'birthdate': '4564654', 'regdate': '2024-10-07 09:31:51.676660', 'password': 'sina', 'username': 'sina', 'phone_number': '09392858722'}}
2024-10-12 05:10:51,340 - INFO - user logged in successfully{'sina': {'id': 0, 'birthdate': '4564654', 'regdate': '2024-10-07 09:31:51.676660', 'password': 'sina', 'username': 'sina', 'phone_number': '09392858722'}}
2024-10-12 05:13:30,286 - INFO - user logged in successfully{'sina': {'id': 0, 'birthdate': '4564654', 'regdate': '2024-10-07 09:31:51.676660', 'password': 'sina', 'username': 'sina', 'phone_number': '09392858722'}}
2024-10-12 05:16:41,456 - INFO - user logged in successfully{'sina': {'id': 0, 'birthdate': '4564654', 'regdate': '2024-10-07 09:31:51.676660', 'password': 'sina', 'username': 'sina', 'phone_number': '09392858722'}}
2024-10-12 05:19:22,914 - INFO - user logged in successfully{'sina': {'id': 0, 'birthdate': '4564654', 'regdate': '2024-10-07 09:31:51.676660', 'password': 'sina', 'username': 'sina', 'phone_number': '09392858722'}}
2024-10-12 05:21:43,861 - INFO - user logged in successfully{'sina': {'id': 0, 'birthdate': '4564654', 'regdate': '2024-10-07 09:31:51.676660', 'password': 'sina', 'username': 'sina', 'phone_number': '09392858722'}}
2024-10-12 05:22:16,517 - INFO - user logged in successfully{'sina': {'id': 0, 'birthdate': '4564654', 'regdate': '2024-10-07 09:31:51.676660', 'password': 'sina', 'username': 'sina', 'phone_number': '09392858722'}}
2024-10-12 05:24:29,176 - INFO - user logged in successfully{'sina': {'id': 0, 'birthdate': '4564654', 'regdate': '2024-10-07 09:31:51.676660', 'password': 'sina', 'username': 'sina', 'phone_number': '09392858722'}}
2024-10-12 05:28:07,127 - INFO - user logged in successfully{'sina': {'id': 0, 'birthdate': '4564654', 'regdate': '2024-10-07 09:31:51.676660', 'password': 'sina', 'username': 'sina', 'phone_number': '09392858722'}}
2024-10-12 05:29:15,087 - INFO - user logged in successfully{'sina': {'id': 0, 'birthdate': '4564654', 'regdate': '2024-10-07 09:31:51.676660', 'password': 'sina', 'username': 'sina', 'phone_number': '09392858722'}}
2024-10-12 05:29:56,377 - INFO - user logged in successfully{'sina': {'id': 0, 'birthdate': '4564654', 'regdate': '2024-10-07 09:31:51.676660', 'password': 'sina', 'username': 'sina', 'phone_number': '09392858722'}}
2024-10-12 05:30:23,117 - INFO - user logged in successfully{'sina': {'id': 0, 'birthdate': '4564654', 'regdate': '2024-10-07 09:31:51.676660', 'password': 'sina', 'username': 'sina', 'phone_number': '09392858722'}}
2024-10-12 05:33:21,147 - INFO - user logged in successfully{'sina': {'id': 0, 'birthdate': '4564654', 'regdate': '2024-10-07 09:31:51.676660', 'password': 'sina', 'username': 'sina', 'phone_number': '09392858722'}}
2024-10-12 05:38:17,432 - INFO - user logged in successfully{'sina': {'id': 0, 'birthdate': '4564654', 'regdate': '2024-10-07 09:31:51.676660', 'password': 'sina', 'username': 'sina', 'phone_number': '09392858722'}}
2024-10-12 05:39:36,599 - INFO - user logged in successfully{'sina': {'id': 0, 'birthdate': '4564654', 'regdate': '2024-10-07 09:31:51.676660', 'password': 'sina', 'username': 'sina', 'phone_number': '09392858722'}}
2024-10-13 18:27:48,823 - INFO - user logged in successfully{'sina': {'id': 0, 'birthdate': '4564654', 'regdate': '2024-10-07 09:31:51.676660', 'password': 'sina', 'username': 'sina', 'phone_number': '09392858722'}}
2024-10-13 18:31:13,413 - INFO - user logged in successfully{'sina': {'id': 0, 'birthdate': '4564654', 'regdate': '2024-10-07 09:31:51.676660', 'password': 'sina', 'username': 'sina', 'phone_number': '09392858722'}}
2024-10-13 18:34:01,434 - INFO - user logged in successfully{'sina': {'id': 0, 'birthdate': '4564654', 'regdate': '2024-10-07 09:31:51.676660', 'password': 'sina', 'username': 'sina', 'phone_number': '09392858722'}}
2024-10-13 18:36:55,532 - INFO - user logged in successfully{'sina': {'id': 0, 'birthdate': '4564654', 'regdate': '2024-10-07 09:31:51.676660', 'password': 'sina', 'username': 'sina', 'phone_number': '09392858722'}}
2024-10-13 18:37:36,552 - INFO - user logged in successfully{'sina': {'id': 0, 'birthdate': '4564654', 'regdate': '2024-10-07 09:31:51.676660', 'password': 'sina', 'username': 'sina', 'phone_number': '09392858722'}}
2024-10-13 18:38:10,257 - INFO - user logged in successfully{'sina': {'id': 0, 'birthdate': '4564654', 'regdate': '2024-10-07 09:31:51.676660', 'password': 'sina', 'username': 'sina', 'phone_number': '09392858722'}}
